# JRE version: OpenJDK Runtime Environment (8.0_202-b03) (build 1.8.0_202-release-1483-b03)
# Java VM: OpenJDK 64-Bit Server VM (25.202-b03 mixed mode windows-amd64 compressed oops)
Heap:
 PSYoungGen      total 109056K, used 1820K [0x00000000e0000000, 0x00000000e7a00000, 0x0000000100000000)
  eden space 96768K, 1% used [0x00000000e0000000,0x00000000e01c7340,0x00000000e5e80000)
  from space 12288K, 0% used [0x00000000e5e80000,0x00000000e5e80000,0x00000000e6a80000)
  to   space 12288K, 0% used [0x00000000e6a80000,0x00000000e6a80000,0x00000000e7680000)
 ParOldGen       total 68096K, used 17567K [0x00000000a0000000, 0x00000000a4280000, 0x00000000e0000000)
  object space 68096K, 25% used [0x00000000a0000000,0x00000000a1127d30,0x00000000a4280000)
 Metaspace       used 34867K, capacity 35440K, committed 35672K, reserved 1079296K
  class space    used 4776K, capacity 4933K, committed 4992K, reserved 1048576K
GC Heap History (10 events):
Event: 5.943 GC heap before
{Heap before GC invocations=5 (full 1):
 PSYoungGen      total 70656K, used 5090K [0x00000000e0000000, 0x00000000e4a00000, 0x0000000100000000)
  eden space 65536K, 0% used [0x00000000e0000000,0x00000000e0000000,0x00000000e4000000)
  from space 5120K, 99% used [0x00000000e4500000,0x00000000e49f8a50,0x00000000e4a00000)
  to   space 5120K, 0% used [0x00000000e4000000,0x00000000e4000000,0x00000000e4500000)
 ParOldGen       total 86016K, used 11037K [0x00000000a0000000, 0x00000000a5400000, 0x00000000e0000000)
  object space 86016K, 12% used [0x00000000a0000000,0x00000000a0ac7750,0x00000000a5400000)
 Metaspace       used 20748K, capacity 21120K, committed 21248K, reserved 1067008K
  class space    used 2916K, capacity 3062K, committed 3072K, reserved 1048576K
Event: 5.990 GC heap after
Heap after GC invocations=5 (full 1):
 PSYoungGen      total 70656K, used 0K [0x00000000e0000000, 0x00000000e4a00000, 0x0000000100000000)
  eden space 65536K, 0% used [0x00000000e0000000,0x00000000e0000000,0x00000000e4000000)
  from space 5120K, 0% used [0x00000000e4500000,0x00000000e4500000,0x00000000e4a00000)
  to   space 5120K, 0% used [0x00000000e4000000,0x00000000e4000000,0x00000000e4500000)
 ParOldGen       total 68096K, used 10972K [0x00000000a0000000, 0x00000000a4280000, 0x00000000e0000000)
  object space 68096K, 16% used [0x00000000a0000000,0x00000000a0ab7218,0x00000000a4280000)
 Metaspace       used 20748K, capacity 21120K, committed 21248K, reserved 1067008K
  class space    used 2916K, capacity 3062K, committed 3072K, reserved 1048576K
}
Event: 7.864 GC heap before
{Heap before GC invocations=6 (full 1):
 PSYoungGen      total 70656K, used 65536K [0x00000000e0000000, 0x00000000e4a00000, 0x0000000100000000)
  eden space 65536K, 100% used [0x00000000e0000000,0x00000000e4000000,0x00000000e4000000)
  from space 5120K, 0% used [0x00000000e4500000,0x00000000e4500000,0x00000000e4a00000)
  to   space 5120K, 0% used [0x00000000e4000000,0x00000000e4000000,0x00000000e4500000)
 ParOldGen       total 68096K, used 10972K [0x00000000a0000000, 0x00000000a4280000, 0x00000000e0000000)
  object space 68096K, 16% used [0x00000000a0000000,0x00000000a0ab7218,0x00000000a4280000)
 Metaspace       used 28585K, capacity 29056K, committed 29440K, reserved 1075200K
  class space    used 3853K, capacity 4011K, committed 4096K, reserved 1048576K
Event: 7.873 GC heap after
Heap after GC invocations=6 (full 1):
 PSYoungGen      total 70656K, used 5104K [0x00000000e0000000, 0x00000000e7680000, 0x0000000100000000)
  eden space 65536K, 0% used [0x00000000e0000000,0x00000000e0000000,0x00000000e4000000)
  from space 5120K, 99% used [0x00000000e4000000,0x00000000e44fc180,0x00000000e4500000)
  to   space 12288K, 0% used [0x00000000e6a80000,0x00000000e6a80000,0x00000000e7680000)
 ParOldGen       total 68096K, used 13613K [0x00000000a0000000, 0x00000000a4280000, 0x00000000e0000000)
  object space 68096K, 19% used [0x00000000a0000000,0x00000000a0d4b760,0x00000000a4280000)
 Metaspace       used 28585K, capacity 29056K, committed 29440K, reserved 1075200K
  class space    used 3853K, capacity 4011K, committed 4096K, reserved 1048576K
}
Event: 12.223 GC heap before
{Heap before GC invocations=7 (full 1):
 PSYoungGen      total 70656K, used 70640K [0x00000000e0000000, 0x00000000e7680000, 0x0000000100000000)
  eden space 65536K, 100% used [0x00000000e0000000,0x00000000e4000000,0x00000000e4000000)
  from space 5120K, 99% used [0x00000000e4000000,0x00000000e44fc180,0x00000000e4500000)
  to   space 12288K, 0% used [0x00000000e6a80000,0x00000000e6a80000,0x00000000e7680000)
 ParOldGen       total 68096K, used 13613K [0x00000000a0000000, 0x00000000a4280000, 0x00000000e0000000)
  object space 68096K, 19% used [0x00000000a0000000,0x00000000a0d4b760,0x00000000a4280000)
 Metaspace       used 31980K, capacity 32504K, committed 32768K, reserved 1077248K
  class space    used 4401K, capacity 4563K, committed 4608K, reserved 1048576K
Event: 12.286 GC heap after
Heap after GC invocations=7 (full 1):
 PSYoungGen      total 109056K, used 8711K [0x00000000e0000000, 0x00000000e7a00000, 0x0000000100000000)
  eden space 96768K, 0% used [0x00000000e0000000,0x00000000e0000000,0x00000000e5e80000)
  from space 12288K, 70% used [0x00000000e6a80000,0x00000000e7301ea8,0x00000000e7680000)
  to   space 12288K, 0% used [0x00000000e5e80000,0x00000000e5e80000,0x00000000e6a80000)
 ParOldGen       total 68096K, used 13621K [0x00000000a0000000, 0x00000000a4280000, 0x00000000e0000000)
  object space 68096K, 20% used [0x00000000a0000000,0x00000000a0d4d760,0x00000000a4280000)
 Metaspace       used 31980K, capacity 32504K, committed 32768K, reserved 1077248K
  class space    used 4401K, capacity 4563K, committed 4608K, reserved 1048576K
}
Event: 24.310 GC heap before
{Heap before GC invocations=8 (full 1):
 PSYoungGen      total 109056K, used 60248K [0x00000000e0000000, 0x00000000e7a00000, 0x0000000100000000)
  eden space 96768K, 53% used [0x00000000e0000000,0x00000000e32542f0,0x00000000e5e80000)
  from space 12288K, 70% used [0x00000000e6a80000,0x00000000e7301ea8,0x00000000e7680000)
  to   space 12288K, 0% used [0x00000000e5e80000,0x00000000e5e80000,0x00000000e6a80000)
 ParOldGen       total 68096K, used 13621K [0x00000000a0000000, 0x00000000a4280000, 0x00000000e0000000)
  object space 68096K, 20% used [0x00000000a0000000,0x00000000a0d4d760,0x00000000a4280000)
 Metaspace       used 34719K, capacity 35260K, committed 35416K, reserved 1079296K
  class space    used 4759K, capacity 4935K, committed 4992K, reserved 1048576K
Event: 24.544 GC heap after
Heap after GC invocations=8 (full 1):
 PSYoungGen      total 109056K, used 11036K [0x00000000e0000000, 0x00000000e7a00000, 0x0000000100000000)
  eden space 96768K, 0% used [0x00000000e0000000,0x00000000e0000000,0x00000000e5e80000)
  from space 12288K, 89% used [0x00000000e5e80000,0x00000000e69471e8,0x00000000e6a80000)
  to   space 12288K, 0% used [0x00000000e6a80000,0x00000000e6a80000,0x00000000e7680000)
 ParOldGen       total 68096K, used 13629K [0x00000000a0000000, 0x00000000a4280000, 0x00000000e0000000)
  object space 68096K, 20% used [0x00000000a0000000,0x00000000a0d4f760,0x00000000a4280000)
 Metaspace       used 34719K, capacity 35260K, committed 35416K, reserved 1079296K
  class space    used 4759K, capacity 4935K, committed 4992K, reserved 1048576K
}
Event: 24.544 GC heap before
{Heap before GC invocations=9 (full 2):
 PSYoungGen      total 109056K, used 11036K [0x00000000e0000000, 0x00000000e7a00000, 0x0000000100000000)
  eden space 96768K, 0% used [0x00000000e0000000,0x00000000e0000000,0x00000000e5e80000)
  from space 12288K, 89% used [0x00000000e5e80000,0x00000000e69471e8,0x00000000e6a80000)
  to   space 12288K, 0% used [0x00000000e6a80000,0x00000000e6a80000,0x00000000e7680000)
 ParOldGen       total 68096K, used 13629K [0x00000000a0000000, 0x00000000a4280000, 0x00000000e0000000)
  object space 68096K, 20% used [0x00000000a0000000,0x00000000a0d4f760,0x00000000a4280000)
 Metaspace       used 34719K, capacity 35260K, committed 35416K, reserved 1079296K
  class space    used 4759K, capacity 4935K, committed 4992K, reserved 1048576K
Event: 25.783 GC heap after
Heap after GC invocations=9 (full 2):
 PSYoungGen      total 109056K, used 0K [0x00000000e0000000, 0x00000000e7a00000, 0x0000000100000000)
  eden space 96768K, 0% used [0x00000000e0000000,0x00000000e0000000,0x00000000e5e80000)
  from space 12288K, 0% used [0x00000000e5e80000,0x00000000e5e80000,0x00000000e6a80000)
  to   space 12288K, 0% used [0x00000000e6a80000,0x00000000e6a80000,0x00000000e7680000)
 ParOldGen       total 68096K, used 17567K [0x00000000a0000000, 0x00000000a4280000, 0x00000000e0000000)
  object space 68096K, 25% used [0x00000000a0000000,0x00000000a1127d30,0x00000000a4280000)
 Metaspace       used 34716K, capacity 35248K, committed 35416K, reserved 1079296K
  class space    used 4758K, capacity 4933K, committed 4992K, reserved 1048576K
}

