# JRE version: OpenJDK Runtime Environment (8.0_202-b03) (build 1.8.0_202-release-1483-b03)
# Java VM: OpenJDK 64-Bit Server VM (25.202-b03 mixed mode windows-amd64 compressed oops)
Heap:
 PSYoungGen      total 121344K, used 41101K [0x00000000e0000000, 0x00000000e8380000, 0x0000000100000000)
  eden space 112640K, 28% used [0x00000000e0000000,0x00000000e1fc5b10,0x00000000e6e00000)
  from space 8704K, 98% used [0x00000000e7b00000,0x00000000e835dc90,0x00000000e8380000)
  to   space 10752K, 0% used [0x00000000e6e80000,0x00000000e6e80000,0x00000000e7900000)
 ParOldGen       total 52224K, used 8083K [0x00000000a0000000, 0x00000000a3300000, 0x00000000e0000000)
  object space 52224K, 15% used [0x00000000a0000000,0x00000000a07e4e58,0x00000000a3300000)
 Metaspace       used 33684K, capacity 34248K, committed 34560K, reserved 1079296K
  class space    used 4638K, capacity 4825K, committed 4864K, reserved 1048576K
GC Heap History (10 events):
Event: 9.459 GC heap before
{Heap before GC invocations=5 (full 0):
 PSYoungGen      total 37888K, used 37856K [0x00000000e0000000, 0x00000000e4a00000, 0x0000000100000000)
  eden space 32768K, 100% used [0x00000000e0000000,0x00000000e2000000,0x00000000e2000000)
  from space 5120K, 99% used [0x00000000e2500000,0x00000000e29f8040,0x00000000e2a00000)
  to   space 5120K, 0% used [0x00000000e2000000,0x00000000e2000000,0x00000000e2500000)
 ParOldGen       total 86016K, used 4659K [0x00000000a0000000, 0x00000000a5400000, 0x00000000e0000000)
  object space 86016K, 5% used [0x00000000a0000000,0x00000000a048cdf0,0x00000000a5400000)
 Metaspace       used 18886K, capacity 19264K, committed 19584K, reserved 1067008K
  class space    used 2734K, capacity 2870K, committed 2944K, reserved 1048576K
Event: 9.468 GC heap after
Heap after GC invocations=5 (full 0):
 PSYoungGen      total 37888K, used 5108K [0x00000000e0000000, 0x00000000e5400000, 0x0000000100000000)
  eden space 32768K, 0% used [0x00000000e0000000,0x00000000e0000000,0x00000000e2000000)
  from space 5120K, 99% used [0x00000000e2000000,0x00000000e24fd040,0x00000000e2500000)
  to   space 10240K, 0% used [0x00000000e4a00000,0x00000000e4a00000,0x00000000e5400000)
 ParOldGen       total 86016K, used 8148K [0x00000000a0000000, 0x00000000a5400000, 0x00000000e0000000)
  object space 86016K, 9% used [0x00000000a0000000,0x00000000a07f5098,0x00000000a5400000)
 Metaspace       used 18886K, capacity 19264K, committed 19584K, reserved 1067008K
  class space    used 2734K, capacity 2870K, committed 2944K, reserved 1048576K
}
Event: 9.702 GC heap before
{Heap before GC invocations=6 (full 0):
 PSYoungGen      total 37888K, used 17822K [0x00000000e0000000, 0x00000000e5400000, 0x0000000100000000)
  eden space 32768K, 38% used [0x00000000e0000000,0x00000000e0c6ab08,0x00000000e2000000)
  from space 5120K, 99% used [0x00000000e2000000,0x00000000e24fd040,0x00000000e2500000)
  to   space 10240K, 0% used [0x00000000e4a00000,0x00000000e4a00000,0x00000000e5400000)
 ParOldGen       total 86016K, used 8148K [0x00000000a0000000, 0x00000000a5400000, 0x00000000e0000000)
  object space 86016K, 9% used [0x00000000a0000000,0x00000000a07f5098,0x00000000a5400000)
 Metaspace       used 20762K, capacity 21120K, committed 21248K, reserved 1067008K
  class space    used 2913K, capacity 3062K, committed 3072K, reserved 1048576K
Event: 9.710 GC heap after
Heap after GC invocations=6 (full 0):
 PSYoungGen      total 75776K, used 7280K [0x00000000e0000000, 0x00000000e5400000, 0x0000000100000000)
  eden space 65536K, 0% used [0x00000000e0000000,0x00000000e0000000,0x00000000e4000000)
  from space 10240K, 71% used [0x00000000e4a00000,0x00000000e511c140,0x00000000e5400000)
  to   space 10240K, 0% used [0x00000000e4000000,0x00000000e4000000,0x00000000e4a00000)
 ParOldGen       total 86016K, used 8156K [0x00000000a0000000, 0x00000000a5400000, 0x00000000e0000000)
  object space 86016K, 9% used [0x00000000a0000000,0x00000000a07f7098,0x00000000a5400000)
 Metaspace       used 20762K, capacity 21120K, committed 21248K, reserved 1067008K
  class space    used 2913K, capacity 3062K, committed 3072K, reserved 1048576K
}
Event: 9.710 GC heap before
{Heap before GC invocations=7 (full 1):
 PSYoungGen      total 75776K, used 7280K [0x00000000e0000000, 0x00000000e5400000, 0x0000000100000000)
  eden space 65536K, 0% used [0x00000000e0000000,0x00000000e0000000,0x00000000e4000000)
  from space 10240K, 71% used [0x00000000e4a00000,0x00000000e511c140,0x00000000e5400000)
  to   space 10240K, 0% used [0x00000000e4000000,0x00000000e4000000,0x00000000e4a00000)
 ParOldGen       total 86016K, used 8156K [0x00000000a0000000, 0x00000000a5400000, 0x00000000e0000000)
  object space 86016K, 9% used [0x00000000a0000000,0x00000000a07f7098,0x00000000a5400000)
 Metaspace       used 20762K, capacity 21120K, committed 21248K, reserved 1067008K
  class space    used 2913K, capacity 3062K, committed 3072K, reserved 1048576K
Event: 9.761 GC heap after
Heap after GC invocations=7 (full 1):
 PSYoungGen      total 75776K, used 0K [0x00000000e0000000, 0x00000000e5400000, 0x0000000100000000)
  eden space 65536K, 0% used [0x00000000e0000000,0x00000000e0000000,0x00000000e4000000)
  from space 10240K, 0% used [0x00000000e4a00000,0x00000000e4a00000,0x00000000e5400000)
  to   space 10240K, 0% used [0x00000000e4000000,0x00000000e4000000,0x00000000e4a00000)
 ParOldGen       total 52224K, used 8067K [0x00000000a0000000, 0x00000000a3300000, 0x00000000e0000000)
  object space 52224K, 15% used [0x00000000a0000000,0x00000000a07e0e58,0x00000000a3300000)
 Metaspace       used 20762K, capacity 21120K, committed 21248K, reserved 1067008K
  class space    used 2913K, capacity 3062K, committed 3072K, reserved 1048576K
}
Event: 11.529 GC heap before
{Heap before GC invocations=8 (full 1):
 PSYoungGen      total 75776K, used 65536K [0x00000000e0000000, 0x00000000e5400000, 0x0000000100000000)
  eden space 65536K, 100% used [0x00000000e0000000,0x00000000e4000000,0x00000000e4000000)
  from space 10240K, 0% used [0x00000000e4a00000,0x00000000e4a00000,0x00000000e5400000)
  to   space 10240K, 0% used [0x00000000e4000000,0x00000000e4000000,0x00000000e4a00000)
 ParOldGen       total 52224K, used 8067K [0x00000000a0000000, 0x00000000a3300000, 0x00000000e0000000)
  object space 52224K, 15% used [0x00000000a0000000,0x00000000a07e0e58,0x00000000a3300000)
 Metaspace       used 28602K, capacity 29056K, committed 29440K, reserved 1075200K
  class space    used 3855K, capacity 4011K, committed 4096K, reserved 1048576K
Event: 11.539 GC heap after
Heap after GC invocations=8 (full 1):
 PSYoungGen      total 75776K, used 7776K [0x00000000e0000000, 0x00000000e8500000, 0x0000000100000000)
  eden space 65536K, 0% used [0x00000000e0000000,0x00000000e0000000,0x00000000e4000000)
  from space 10240K, 75% used [0x00000000e4000000,0x00000000e47982f8,0x00000000e4a00000)
  to   space 10240K, 0% used [0x00000000e7b00000,0x00000000e7b00000,0x00000000e8500000)
 ParOldGen       total 52224K, used 8075K [0x00000000a0000000, 0x00000000a3300000, 0x00000000e0000000)
  object space 52224K, 15% used [0x00000000a0000000,0x00000000a07e2e58,0x00000000a3300000)
 Metaspace       used 28602K, capacity 29056K, committed 29440K, reserved 1075200K
  class space    used 3855K, capacity 4011K, committed 4096K, reserved 1048576K
}
Event: 17.081 GC heap before
{Heap before GC invocations=9 (full 1):
 PSYoungGen      total 75776K, used 73312K [0x00000000e0000000, 0x00000000e8500000, 0x0000000100000000)
  eden space 65536K, 100% used [0x00000000e0000000,0x00000000e4000000,0x00000000e4000000)
  from space 10240K, 75% used [0x00000000e4000000,0x00000000e47982f8,0x00000000e4a00000)
  to   space 10240K, 0% used [0x00000000e7b00000,0x00000000e7b00000,0x00000000e8500000)
 ParOldGen       total 52224K, used 8075K [0x00000000a0000000, 0x00000000a3300000, 0x00000000e0000000)
  object space 52224K, 15% used [0x00000000a0000000,0x00000000a07e2e58,0x00000000a3300000)
 Metaspace       used 31853K, capacity 32344K, committed 32768K, reserved 1077248K
  class space    used 4388K, capacity 4531K, committed 4608K, reserved 1048576K
Event: 17.092 GC heap after
Heap after GC invocations=9 (full 1):
 PSYoungGen      total 121344K, used 8567K [0x00000000e0000000, 0x00000000e8380000, 0x0000000100000000)
  eden space 112640K, 0% used [0x00000000e0000000,0x00000000e0000000,0x00000000e6e00000)
  from space 8704K, 98% used [0x00000000e7b00000,0x00000000e835dc90,0x00000000e8380000)
  to   space 10752K, 0% used [0x00000000e6e80000,0x00000000e6e80000,0x00000000e7900000)
 ParOldGen       total 52224K, used 8083K [0x00000000a0000000, 0x00000000a3300000, 0x00000000e0000000)
  object space 52224K, 15% used [0x00000000a0000000,0x00000000a07e4e58,0x00000000a3300000)
 Metaspace       used 31853K, capacity 32344K, committed 32768K, reserved 1077248K
  class space    used 4388K, capacity 4531K, committed 4608K, reserved 1048576K
}

